<?xml version="1.0" encoding="UTF-8"?>
<robot generator="Robot 4.0.3 (Python 3.9.5 on win32)" generated="20210626 22:59:48.990" rpa="false" schemaversion="2">
<suite id="s1" name="Login" source="C:\qaninja\ze-palheta\tests\api\login.robot">
<test id="s1-t1" name="Login com Sucesso">
<kw name="Create Session" library="RequestsLibrary">
<arg>zp-api</arg>
<arg>http://zepalheta-api:333</arg>
<doc>Create Session: create a HTTP session to a server</doc>
<msg timestamp="20210626 22:59:49.149" level="INFO">Creating Session using : alias=zp-api, url=http://zepalheta-api:333, headers={},                     cookies={}, auth=None, timeout=None, proxies=None, verify=False,                     debug=0 </msg>
<status status="PASS" starttime="20210626 22:59:49.147" endtime="20210626 22:59:49.150"/>
</kw>
<kw name="Create Dictonary">
<var>&amp;{headers}=</var>
<arg>Content-Type=aplication/json</arg>
<msg timestamp="20210626 22:59:49.156" level="FAIL">No keyword with name 'Create Dictonary' found. Did you mean:
    BuiltIn.Create Dictionary</msg>
<status status="FAIL" starttime="20210626 22:59:49.155" endtime="20210626 22:59:49.156"/>
</kw>
<kw name="Create Dictonary">
<var>&amp;{payload}=</var>
<arg>email=admin@zepalheta.com.br</arg>
<arg>password=pwd123</arg>
<status status="NOT RUN" starttime="20210626 22:59:49.158" endtime="20210626 22:59:49.158"/>
</kw>
<kw name="Post Request" library="RequestsLibrary">
<var>${resp}</var>
<arg>zp-api</arg>
<arg>/sessions</arg>
<arg>data=${payload}</arg>
<arg>headers=${headers}</arg>
<doc>*DEPRECATED* Please use `POST On Session` instead.</doc>
<msg timestamp="20210626 22:59:49.158" level="WARN">Keyword 'RequestsLibrary.Post Request' is deprecated. Please use `POST On Session` instead.</msg>
<status status="NOT RUN" starttime="20210626 22:59:49.158" endtime="20210626 22:59:49.159"/>
</kw>
<kw name="Request Should Be Sucessful">
<arg>${resp}</arg>
<status status="NOT RUN" starttime="20210626 22:59:49.161" endtime="20210626 22:59:49.161"/>
</kw>
<status status="FAIL" starttime="20210626 22:59:49.147" endtime="20210626 22:59:49.162">No keyword with name 'Create Dictonary' found. Did you mean:
    BuiltIn.Create Dictionary</status>
</test>
<status status="FAIL" starttime="20210626 22:59:48.992" endtime="20210626 22:59:49.163"/>
</suite>
<statistics>
<total>
<stat pass="0" fail="1" skip="0">All Tests</stat>
</total>
<tag>
</tag>
<suite>
<stat pass="0" fail="1" skip="0" id="s1" name="Login">Login</stat>
</suite>
</statistics>
<errors>
<msg timestamp="20210626 22:59:49.158" level="WARN">Keyword 'RequestsLibrary.Post Request' is deprecated. Please use `POST On Session` instead.</msg>
</errors>
</robot>
